2026-06-30 11:57:43,098 [INFO] Connecting to Telegram...
2026-06-30 11:57:43,099 [INFO] Connecting to 149.154.167.91:443/TcpFull...
2026-06-30 11:57:43,301 [INFO] Connection to 149.154.167.91:443/TcpFull complete!
2026-06-30 11:57:44,814 [INFO] Starting extraction for channel: CheMed123
2026-06-30 11:57:45,135 [INFO] Downloading media for message 97 in CheMed123...
2026-06-30 11:57:45,140 [INFO] Starting direct file download in chunks of 131072 at 0, stride 131072
2026-06-30 11:57:46,519 [INFO] Downloading media for message 96 in CheMed123...
2026-06-30 11:57:46,521 [INFO] Starting direct file download in chunks of 131072 at 0, stride 131072
2026-06-30 11:57:48,450 [INFO] Downloading media for message 95 in CheMed123...
2026-06-30 11:57:48,491 [INFO] Starting direct file download in chunks of 131072 at 0, stride 131072
2026-06-30 11:57:49,621 [INFO] Downloading media for message 94 in CheMed123...
2026-06-30 11:57:49,624 [INFO] Starting direct file download in chunks of 131072 at 0, stride 131072
2026-06-30 11:57:50,804 [INFO] Downloading media for message 93 in CheMed123...
2026-06-30 11:57:50,807 [INFO] Starting direct file download in chunks of 131072 at 0, stride 131072
2026-06-30 11:57:52,535 [INFO] Downloading media for message 92 in CheMed123...
2026-06-30 11:57:52,538 [INFO] Starting direct file download in chunks of 131072 at 0, stride 131072
2026-06-30 11:57:54,621 [INFO] Downloading media for message 91 in CheMed123...
2026-06-30 11:57:54,624 [INFO] Starting direct file download in chunks of 131072 at 0, stride 131072
2026-06-30 11:57:55,757 [INFO] Downloading media for message 90 in CheMed123...
2026-06-30 11:57:55,761 [INFO] Starting direct file download in chunks of 131072 at 0, stride 131072
2026-06-30 11:57:57,947 [INFO] Downloading media for message 88 in CheMed123...
2026-06-30 11:57:57,950 [INFO] Starting direct file download in chunks of 131072 at 0, stride 131072
2026-06-30 11:57:59,755 [INFO] Sleeping for 3.85s to respect rate limits...
2026-06-30 11:58:03,621 [INFO] Starting extraction for channel: lobelia4cosmetics
2026-06-30 11:58:03,899 [INFO] Downloading media for message 26726 in lobelia4cosmetics...
2026-06-30 11:58:03,901 [INFO] Starting direct file download in chunks of 131072 at 0, stride 131072
2026-06-30 11:58:04,819 [INFO] Downloading media for message 26725 in lobelia4cosmetics...
2026-06-30 11:58:04,822 [INFO] Starting direct file download in chunks of 131072 at 0, stride 131072
2026-06-30 11:58:08,118 [INFO] Downloading media for message 26724 in lobelia4cosmetics...
2026-06-30 11:58:08,156 [INFO] Starting direct file download in chunks of 131072 at 0, stride 131072
2026-06-30 11:58:09,282 [INFO] Downloading media for message 26723 in lobelia4cosmetics...
2026-06-30 11:58:09,285 [INFO] Starting direct file download in chunks of 131072 at 0, stride 131072
2026-06-30 11:58:10,474 [INFO] Downloading media for message 26722 in lobelia4cosmetics...
2026-06-30 11:58:10,477 [INFO] Starting direct file download in chunks of 131072 at 0, stride 131072
2026-06-30 11:58:12,570 [INFO] Downloading media for message 26721 in lobelia4cosmetics...
2026-06-30 11:58:12,574 [INFO] Starting direct file download in chunks of 131072 at 0, stride 131072
2026-06-30 11:58:13,327 [INFO] Downloading media for message 26720 in lobelia4cosmetics...
2026-06-30 11:58:13,330 [INFO] Starting direct file download in chunks of 131072 at 0, stride 131072
2026-06-30 11:58:15,827 [INFO] Downloading media for message 26719 in lobelia4cosmetics...
2026-06-30 11:58:15,830 [INFO] Starting direct file download in chunks of 131072 at 0, stride 131072
2026-06-30 11:58:17,948 [INFO] Downloading media for message 26718 in lobelia4cosmetics...
2026-06-30 11:58:17,951 [INFO] Starting direct file download in chunks of 131072 at 0, stride 131072
2026-06-30 11:58:20,516 [INFO] Downloading media for message 26717 in lobelia4cosmetics...
2026-06-30 11:58:20,519 [INFO] Starting direct file download in chunks of 131072 at 0, stride 131072
2026-06-30 11:58:21,054 [INFO] Sleeping for 3.03s to respect rate limits...
2026-06-30 11:58:24,088 [INFO] Starting extraction for channel: tikvahpharma
2026-06-30 11:58:24,762 [INFO] Downloading media for message 196465 in tikvahpharma...
2026-06-30 11:58:24,766 [INFO] Starting direct file download in chunks of 131072 at 0, stride 131072
2026-06-30 11:58:26,984 [INFO] Downloading media for message 196463 in tikvahpharma...
2026-06-30 11:58:26,987 [INFO] Starting direct file download in chunks of 131072 at 0, stride 131072
2026-06-30 11:58:28,116 [INFO] Sleeping for 3.41s to respect rate limits...
2026-06-30 11:58:31,538 [INFO] Successfully saved raw data lake export to: data/raw\raw_scraped_data_20260630_115831.json
2026-06-30 11:58:31,538 [INFO] Disconnecting from Telegram...
2026-06-30 11:58:31,540 [INFO] Disconnecting from 149.154.167.91:443/TcpFull...
2026-06-30 11:58:31,542 [INFO] Disconnection from 149.154.167.91:443/TcpFull complete!
2026-07-02 14:01:38,640 [INFO] Connecting to Telegram...
2026-07-02 14:01:38,642 [INFO] Connecting to 149.154.167.91:443/TcpFull...
2026-07-02 14:01:38,841 [INFO] Connection to 149.154.167.91:443/TcpFull complete!
2026-07-02 14:01:40,220 [INFO] Starting extraction for channel: CheMed123
2026-07-02 14:01:40,537 [INFO] Sleeping for 4.77s to respect rate limits...
2026-07-02 14:01:45,325 [INFO] Starting extraction for channel: lobelia4cosmetics
2026-07-02 14:01:45,744 [INFO] Downloading media for message 26786 in lobelia4cosmetics...
2026-07-02 14:01:45,746 [INFO] Starting direct file download in chunks of 131072 at 0, stride 131072
2026-07-02 14:01:47,394 [INFO] Downloading media for message 26785 in lobelia4cosmetics...
2026-07-02 14:01:47,396 [INFO] Starting direct file download in chunks of 131072 at 0, stride 131072
2026-07-02 14:01:47,979 [INFO] Downloading media for message 26784 in lobelia4cosmetics...
2026-07-02 14:01:47,980 [INFO] Starting direct file download in chunks of 131072 at 0, stride 131072
2026-07-02 14:01:49,503 [INFO] Downloading media for message 26783 in lobelia4cosmetics...
2026-07-02 14:01:49,504 [INFO] Starting direct file download in chunks of 131072 at 0, stride 131072
2026-07-02 14:01:50,267 [INFO] Downloading media for message 26782 in lobelia4cosmetics...
2026-07-02 14:01:50,269 [INFO] Starting direct file download in chunks of 131072 at 0, stride 131072
2026-07-02 14:01:50,777 [INFO] Downloading media for message 26781 in lobelia4cosmetics...
2026-07-02 14:01:50,779 [INFO] Starting direct file download in chunks of 131072 at 0, stride 131072
2026-07-02 14:01:51,705 [INFO] Downloading media for message 26780 in lobelia4cosmetics...
2026-07-02 14:01:51,713 [INFO] Starting direct file download in chunks of 131072 at 0, stride 131072
2026-07-02 14:01:53,223 [INFO] Downloading media for message 26779 in lobelia4cosmetics...
2026-07-02 14:01:53,225 [INFO] Starting direct file download in chunks of 131072 at 0, stride 131072
2026-07-02 14:01:54,563 [INFO] Downloading media for message 26778 in lobelia4cosmetics...
2026-07-02 14:01:54,565 [INFO] Starting direct file download in chunks of 131072 at 0, stride 131072
2026-07-02 14:01:55,972 [INFO] Downloading media for message 26777 in lobelia4cosmetics...
2026-07-02 14:01:55,974 [INFO] Starting direct file download in chunks of 131072 at 0, stride 131072
2026-07-02 14:01:57,551 [INFO] Sleeping for 5.35s to respect rate limits...
2026-07-02 14:02:02,914 [INFO] Starting extraction for channel: tikvahpharma
2026-07-02 14:02:03,232 [INFO] Downloading media for message 196534 in tikvahpharma...
2026-07-02 14:02:03,234 [INFO] Starting direct file download in chunks of 131072 at 0, stride 131072
2026-07-02 14:02:03,884 [INFO] Downloading media for message 196533 in tikvahpharma...
2026-07-02 14:02:03,885 [INFO] Starting direct file download in chunks of 131072 at 0, stride 131072
2026-07-02 14:02:05,482 [INFO] Downloading media for message 196532 in tikvahpharma...
2026-07-02 14:02:05,484 [INFO] Starting direct file download in chunks of 131072 at 0, stride 131072
2026-07-02 14:02:06,287 [INFO] Downloading media for message 196531 in tikvahpharma...
2026-07-02 14:02:06,289 [INFO] Starting direct file download in chunks of 131072 at 0, stride 131072
2026-07-02 14:02:07,108 [INFO] Downloading media for message 196530 in tikvahpharma...
2026-07-02 14:02:07,110 [INFO] Starting direct file download in chunks of 131072 at 0, stride 131072
2026-07-02 14:02:08,612 [INFO] Downloading media for message 196529 in tikvahpharma...
2026-07-02 14:02:08,615 [INFO] Starting direct file download in chunks of 131072 at 0, stride 131072
2026-07-02 14:02:09,304 [INFO] Sleeping for 5.28s to respect rate limits...
2026-07-02 14:02:14,601 [INFO] Successfully saved raw data lake export to: data/raw\raw_scraped_data_20260702_140214.json
2026-07-02 14:02:14,601 [INFO] Disconnecting from Telegram...
2026-07-02 14:02:14,602 [INFO] Disconnecting from 149.154.167.91:443/TcpFull...
2026-07-02 14:02:14,602 [INFO] Disconnection from 149.154.167.91:443/TcpFull complete!
